This is pdfTeX, Version 3.141592653-2.6-1.40.27 (TeX Live 2025) (preloaded format=latex 2025.6.30)  5 NOV 2025 10:53
entering extended mode
 restricted \write18 enabled.
 %&-line parsing enabled.
**includes.tex
(./includes.tex
LaTeX2e <2024-11-01> patch level 2
L3 programming layer <2025-01-18>

! LaTeX Error: \usepackage before \documentclass.

See the LaTeX manual or LaTeX Companion for explanation.
Type  H <return>  for immediate help.
 ...                                              
                                                  
l.1 \usepackage{
                titling}
? exit
 
Here is how much of TeX's memory you used:
 15 strings out of 473191
 490 string characters out of 5715826
 391978 words of memory out of 5000000
 23367 multiletter control sequences out of 15000+600000
 558837 words of font info for 36 fonts, out of 8000000 for 9000
 1141 hyphenation exceptions out of 8191
 12i,0n,13p,64b,14s stack positions out of 10000i,1000n,20000p,200000b,200000s
No pages of output.
