\BOOKMARK [1][-]{section.1}{\376\377\000I\000n\000t\000r\000o\000d\000u\000c\000t\000i\000o\000n}{}% 1
\BOOKMARK [1][-]{section.2}{\376\377\000P\000r\000e\000l\000i\000m\000i\000n\000a\000r\000i\000e\000s}{}% 2
\BOOKMARK [2][-]{subsection.2.1}{\376\377\000T\000o\000r\000s\000o\000r\000s}{section.2}% 3
\BOOKMARK [2][-]{subsection.2.2}{\376\377\000T\000o\000r\000s\000o\000r\000s\000\040\000o\000v\000e\000r\000\040\000t\000h\000e\000\040\000\311\000t\000a\000l\000e\000'\000s\000\040\000S\000i\000t\000e\000s}{section.2}% 4
\BOOKMARK [2][-]{subsection.2.3}{\376\377\000S\000y\000m\000m\000e\000t\000r\000i\000c\000\040\000P\000o\000w\000e\000r\000s\000\040\000o\000f\000\040\000S\000c\000h\000e\000m\000e\000s\000\040\000a\000n\000d\000\040\000T\000o\000r\000s\000o\000r\000s}{section.2}% 5
\BOOKMARK [2][-]{subsection.2.4}{\376\377\000A\000l\000g\000e\000b\000r\000a\000i\000c\000\040\000P\000r\000e\000l\000i\000m\000i\000n\000a\000r\000i\000e\000s\000\040\000o\000n\000\040\000R\000a\000m\000i\000f\000i\000c\000a\000t\000i\000o\000n}{section.2}% 6
\BOOKMARK [2][-]{subsection.2.5}{\376\377\000K\000u\000m\000m\000e\000r\000\040\000a\000n\000d\000\040\000A\000r\000t\000i\000n\000-\000S\000c\000h\000r\000e\000i\000e\000r\000\040\000T\000h\000e\000o\000r\000i\000e\000s}{section.2}% 7
\BOOKMARK [2][-]{subsection.2.6}{\376\377\000A\000l\000g\000e\000b\000r\000a\000i\000c\000\040\000G\000e\000o\000m\000e\000t\000r\000y}{section.2}% 8
\BOOKMARK [1][-]{section.3}{\376\377\000R\000a\000m\000i\000f\000i\000c\000a\000t\000i\000o\000n\000\040\000A\000f\000t\000e\000r\000\040\000B\000l\000o\000w\000u\000p\000\040\000I\000s\000\040\000T\000a\000m\000e}{}% 9
\BOOKMARK [2][-]{subsection.3.1}{\376\377\000T\000a\000m\000e\000\040\000R\000a\000m\000i\000f\000i\000c\000a\000t\000i\000o\000n\000\040\000a\000n\000d\000\040\000R\000a\000m\000i\000f\000i\000c\000a\000t\000i\000o\000n\000\040\000o\000f\000\040\000G\000-\000T\000o\000r\000s\000o\000r\000s}{section.3}% 10
\BOOKMARK [2][-]{subsection.3.2}{\376\377\000B\000e\000h\000a\000v\000i\000o\000r\000\040\000o\000f\000\040\000R\000a\000m\000i\000f\000i\000c\000a\000t\000i\000o\000n\000\040\000u\000n\000d\000e\000r\000\040\000P\000r\000o\000d\000u\000c\000t\000\040\000o\000f\000\040\000B\000l\000o\000w\000u\000p\000s}{section.3}% 11
\BOOKMARK [1][-]{section.4}{\376\377\000G\000e\000o\000m\000e\000t\000r\000i\000c\000\040\000C\000l\000a\000s\000s\000\040\000F\000i\000e\000l\000d\000\040\000T\000h\000e\000o\000r\000y}{}% 12
\BOOKMARK [2][-]{subsection.4.1}{\376\377\000E\000t\000a\000l\000e\000\040\000F\000u\000n\000d\000a\000m\000e\000n\000t\000a\000l\000\040\000G\000r\000o\000u\000p\000s\000\040\000a\000n\000d\000\040\000T\000a\000m\000e\000\040\000F\000u\000n\000d\000a\000m\000e\000n\000t\000a\000l\000\040\000G\000r\000o\000u\000p\000s}{section.4}% 13
\BOOKMARK [2][-]{subsection.4.2}{\376\377\000G\000e\000n\000e\000r\000a\000l\000i\000z\000e\000d\000\040\000P\000i\000c\000a\000r\000d\000\040\000S\000c\000h\000e\000m\000e}{section.4}% 14
\BOOKMARK [2][-]{subsection.4.3}{\376\377\000T\000h\000e\000\040\000A\000b\000e\000l\000-\000J\000a\000c\000o\000b\000i\000\040\000M\000o\000r\000p\000h\000i\000s\000m\000\040\000a\000n\000d\000\040\000i\000t\000s\000\040\000F\000i\000b\000e\000r\000s}{section.4}% 15
\BOOKMARK [2][-]{subsection.4.4}{\376\377\000C\000o\000m\000p\000a\000c\000t\000i\000f\000i\000c\000a\000t\000i\000o\000n\000\040\000o\000f\000\040\000B\000l\000o\000w\000u\000p\000\040\000o\000f\000\040\000S\000y\000m\000m\000e\000t\000r\000i\000c\000\040\000P\000o\000w\000e\000r\000s\000\040\000o\000f\000\040\000a\000\040\000C\000u\000r\000v\000e}{section.4}% 16
\BOOKMARK [1][-]{section.5}{\376\377\000R\000a\000m\000i\000f\000i\000c\000a\000t\000i\000o\000n\000\040\000o\000f\000\040\000S\000h\000e\000a\000v\000e\000s\000\040\000a\000f\000t\000e\000r\000\040\000B\000l\000o\000w\000u\000p}{}% 17
\BOOKMARK [2][-]{subsection.5.1}{\376\377\000R\000e\000d\000u\000c\000t\000i\000o\000n\000\040\000L\000e\000m\000m\000a\000s}{section.5}% 18
\BOOKMARK [2][-]{subsection.5.2}{\376\377\000P\000r\000o\000o\000f\000\040\000o\000f\000\040\000T\000h\000e\000o\000r\000e\000m\000\040\000X}{section.5}% 19
\BOOKMARK [2][-]{subsection.5.3}{\376\377\000P\000r\000o\000o\000f\000\040\000o\000f\000\040\000T\000h\000e\000o\000r\000e\000m\000\040\000Y}{section.5}% 20
\BOOKMARK [1][-]{section.6}{\376\377\000P\000r\000o\000o\000f\000\040\000o\000f\000\040\000t\000h\000e\000o\000r\000e\000m\000\040\0002}{}% 21
